2019-11-26 12:55:42 292060 [Note] Plugin 'FEDERATED' is disabled.
2019-11-26 12:55:42 292060 [Note] InnoDB: The InnoDB memory heap is disabled
2019-11-26 12:55:42 292060 [Note] InnoDB: Mutexes and rw_locks use Windows interlocked functions
2019-11-26 12:55:42 292060 [Note] InnoDB: Compressed tables use zlib 1.2.3
2019-11-26 12:55:42 292060 [Note] InnoDB: Not using CPU crc32 instructions
2019-11-26 12:55:42 292060 [Note] InnoDB: Initializing buffer pool, size = 128.0M
2019-11-26 12:55:42 292060 [Note] InnoDB: Completed initialization of buffer pool
2019-11-26 12:55:42 292060 [Note] InnoDB: Setting log file C:\Users\noora\Downloads\USBWebserver v8.6\mysql\data\ib_logfile101 size to 5 MB
2019-11-26 12:55:42 292060 [Note] InnoDB: Setting log file C:\Users\noora\Downloads\USBWebserver v8.6\mysql\data\ib_logfile1 size to 5 MB
2019-11-26 12:55:42 292060 [Note] InnoDB: Renaming log file C:\Users\noora\Downloads\USBWebserver v8.6\mysql\data\ib_logfile101 to C:\Users\noora\Downloads\USBWebserver v8.6\mysql\data\ib_logfile0
2019-11-26 12:55:42 292060 [Warning] InnoDB: New log files created, LSN=1626134
2019-11-26 12:55:42 292060 [Note] InnoDB: Highest supported file format is Barracuda.
2019-11-26 12:55:42 292060 [Note] InnoDB: 128 rollback segment(s) are active.
2019-11-26 12:55:42 292060 [Note] InnoDB: Waiting for purge to start
2019-11-26 12:55:42 292060 [Note] InnoDB: 5.6.13 started; log sequence number 1626636
2019-11-26 12:55:42 292060 [Warning] No existing UUID has been found, so we assume that this is the first time that this server has been started. Generating a new UUID: 4a9231cb-103b-11ea-9208-3065ec4b0570.
2019-11-26 12:55:42 292060 [Note] Server hostname (bind-address): '*'; port: 3307
2019-11-26 12:55:42 292060 [Note] IPv6 is available.
2019-11-26 12:55:42 292060 [Note]   - '::' resolves to '::';
2019-11-26 12:55:42 292060 [Note] Server socket created on IP: '::'.
2019-11-26 12:56:40 225388 [Note] Plugin 'FEDERATED' is disabled.
2019-11-26 12:56:40 225388 [Note] InnoDB: The InnoDB memory heap is disabled
2019-11-26 12:56:40 225388 [Note] InnoDB: Mutexes and rw_locks use Windows interlocked functions
2019-11-26 12:56:40 225388 [Note] InnoDB: Compressed tables use zlib 1.2.3
2019-11-26 12:56:40 225388 [Note] InnoDB: Not using CPU crc32 instructions
2019-11-26 12:56:40 225388 [Note] InnoDB: Initializing buffer pool, size = 128.0M
2019-11-26 12:56:40 225388 [Note] InnoDB: Completed initialization of buffer pool
2019-11-26 12:56:40 225388 [Note] InnoDB: Highest supported file format is Barracuda.
2019-11-26 12:56:40 225388 [Note] InnoDB: The log sequence numbers 1626134 and 1626134 in ibdata files do not match the log sequence number 1626646 in the ib_logfiles!
2019-11-26 12:56:40 225388 [Note] InnoDB: Database was not shutdown normally!
2019-11-26 12:56:40 225388 [Note] InnoDB: Starting crash recovery.
2019-11-26 12:56:40 225388 [Note] InnoDB: Reading tablespace information from the .ibd files...
2019-11-26 12:56:40 225388 [Note] InnoDB: Restoring possible half-written data pages 
2019-11-26 12:56:40 225388 [Note] InnoDB: from the doublewrite buffer...
2019-11-26 12:56:40 225388 [Note] InnoDB: 128 rollback segment(s) are active.
2019-11-26 12:56:40 225388 [Note] InnoDB: Waiting for purge to start
2019-11-26 12:56:40 225388 [Note] InnoDB: 5.6.13 started; log sequence number 1626646
2019-11-26 12:56:40 225388 [Note] Server hostname (bind-address): '*'; port: 3307
2019-11-26 12:56:40 225388 [Note] IPv6 is available.
2019-11-26 12:56:40 225388 [Note]   - '::' resolves to '::';
2019-11-26 12:56:40 225388 [Note] Server socket created on IP: '::'.
2019-11-26 13:06:43 318832 [Note] Plugin 'FEDERATED' is disabled.
2019-11-26 13:06:43 318832 [Note] InnoDB: The InnoDB memory heap is disabled
2019-11-26 13:06:43 318832 [Note] InnoDB: Mutexes and rw_locks use Windows interlocked functions
2019-11-26 13:06:43 318832 [Note] InnoDB: Compressed tables use zlib 1.2.3
2019-11-26 13:06:43 318832 [Note] InnoDB: Not using CPU crc32 instructions
2019-11-26 13:06:43 318832 [Note] InnoDB: Initializing buffer pool, size = 128.0M
2019-11-26 13:06:43 318832 [Note] InnoDB: Completed initialization of buffer pool
2019-11-26 13:06:43 318832 [Note] InnoDB: Highest supported file format is Barracuda.
2019-11-26 13:06:43 318832 [Note] InnoDB: The log sequence numbers 1626134 and 1626134 in ibdata files do not match the log sequence number 1626656 in the ib_logfiles!
2019-11-26 13:06:43 318832 [Note] InnoDB: Database was not shutdown normally!
2019-11-26 13:06:43 318832 [Note] InnoDB: Starting crash recovery.
2019-11-26 13:06:43 318832 [Note] InnoDB: Reading tablespace information from the .ibd files...
2019-11-26 13:06:43 318832 [Note] InnoDB: Restoring possible half-written data pages 
2019-11-26 13:06:43 318832 [Note] InnoDB: from the doublewrite buffer...
2019-11-26 13:06:43 318832 [Note] InnoDB: 128 rollback segment(s) are active.
2019-11-26 13:06:43 318832 [Note] InnoDB: Waiting for purge to start
2019-11-26 13:06:44 318832 [Note] InnoDB: 5.6.13 started; log sequence number 1626656
2019-11-26 13:06:44 318832 [Note] Server hostname (bind-address): '*'; port: 3307
2019-11-26 13:06:44 318832 [Note] IPv6 is available.
2019-11-26 13:06:44 318832 [Note]   - '::' resolves to '::';
2019-11-26 13:06:44 318832 [Note] Server socket created on IP: '::'.
